<?xml version="1.0" encoding="UTF-8"?>
<!-- Generated by org.testng.reporters.JUnitReportReporter -->
<testsuite hostname="LAPTOP-EHEF5703" failures="0" tests="1" name="testCases.TC1_loginPage" time="23.132" errors="0" timestamp="2022-01-31T21:50:17 IST" skipped="0">
  <testcase classname="testCases.TC1_loginPage" name="validateLogin" time="23.132"/>
  <system-out/>
</testsuite> <!-- testCases.TC1_loginPage -->
